============================================================================================== 
Warning! Mixing Conda and module environments may lead to corruption of the
user environment. 
We do not recommend users mixing those two environments unless absolutely
necessary. Note that 
SURF does not provide any support for Conda environment.
For more information, please refer to our software policy page:
https://servicedesk.surf.nl/wiki/display/WIKI/Software+policy+Snellius#SoftwarepolicySnellius-UseofAnacondaandMinicondaenvironmentsonSnellius 

Remember that many packages have already been installed on the system and can
be loaded using 
the 'module load <package__name>' command. If you are uncertain if a package is
already available 
on the system, please use 'module avail' or 'module spider' to search for it.
============================================================================================== 

Remove all packages in environment /home/scur1040/.conda/envs/ai4mi:


## Package Plan ##

  environment location: /home/scur1040/.conda/envs/ai4mi


The following packages will be REMOVED:

  _libgcc_mutex-0.1-main
  _openmp_mutex-5.1-1_gnu
  bzip2-1.0.8-h5eee18b_6
  ca-certificates-2025.9.9-h06a4308_0
  expat-2.7.1-h6a678d5_0
  ld_impl_linux-64-2.40-h12ee557_0
  libffi-3.4.4-h6a678d5_1
  libgcc-ng-11.2.0-h1234567_1
  libgomp-11.2.0-h1234567_1
  libstdcxx-ng-11.2.0-h1234567_1
  libuuid-1.41.5-h5eee18b_0
  libxcb-1.17.0-h9b100fa_0
  libzlib-1.3.1-hb25bd0a_0
  ncurses-6.5-h7934f7d_0
  openssl-3.0.17-h5eee18b_0
  pip-25.2-pyhc872135_0
  pthread-stubs-0.3-h0ce48e5_1
  python-3.10.18-h1a3bd86_0
  readline-8.3-hc2a1206_0
  setuptools-78.1.1-py310h06a4308_0
  sqlite-3.50.2-hb25bd0a_1
  tk-8.6.15-h54e0aa7_0
  tzdata-2025b-h04d1e81_0
  wheel-0.45.1-py310h06a4308_0
  xorg-libx11-1.8.12-h9b100fa_1
  xorg-libxau-1.0.12-h9b100fa_0
  xorg-libxdmcp-1.1.5-h9b100fa_0
  xorg-xorgproto-2024.1-h5eee18b_1
  xz-5.6.4-h5eee18b_1
  zlib-1.3.1-hb25bd0a_0


Preparing transaction: ...working... done
Verifying transaction: ...working... done
Executing transaction: ...working... done
Retrieving notices: ...working... DEBUG:urllib3.connectionpool:Starting new HTTPS connection (1): repo.anaconda.com:443
DEBUG:urllib3.connectionpool:Starting new HTTPS connection (1): repo.anaconda.com:443
DEBUG:urllib3.connectionpool:https://repo.anaconda.com:443 "GET /pkgs/r/notices.json HTTP/1.1" 404 None
DEBUG:urllib3.connectionpool:https://repo.anaconda.com:443 "GET /pkgs/main/notices.json HTTP/1.1" 404 None
done
Collecting package metadata (current_repodata.json): ...working... DEBUG:urllib3.connectionpool:Starting new HTTPS connection (1): repo.anaconda.com:443
DEBUG:urllib3.connectionpool:Starting new HTTPS connection (1): repo.anaconda.com:443
DEBUG:urllib3.connectionpool:Starting new HTTPS connection (1): repo.anaconda.com:443
DEBUG:urllib3.connectionpool:Starting new HTTPS connection (1): repo.anaconda.com:443
DEBUG:urllib3.connectionpool:https://repo.anaconda.com:443 "GET /pkgs/r/linux-64/current_repodata.json HTTP/1.1" 304 0
DEBUG:urllib3.connectionpool:https://repo.anaconda.com:443 "GET /pkgs/r/noarch/current_repodata.json HTTP/1.1" 304 0
DEBUG:urllib3.connectionpool:https://repo.anaconda.com:443 "GET /pkgs/main/noarch/current_repodata.json HTTP/1.1" 304 0
DEBUG:urllib3.connectionpool:https://repo.anaconda.com:443 "GET /pkgs/main/linux-64/current_repodata.json HTTP/1.1" 200 None
done
Solving environment: ...working... done


==> WARNING: A newer version of conda exists. <==
  current version: 23.7.2
  latest version: 25.7.0

Please update conda by running

    $ conda update -n base -c defaults conda

Or to minimize the number of packages updated during conda update use

     conda install conda=25.7.0



## Package Plan ##

  environment location: /home/scur1040/.conda/envs/ai4mi

  added / updated specs:
    - python=3.11


The following packages will be downloaded:

    package                    |            build
    ---------------------------|-----------------
    python-3.11.13             |       h1a3bd86_0        32.6 MB
    setuptools-78.1.1          |  py311h06a4308_0         2.3 MB
    wheel-0.45.1               |  py311h06a4308_0         151 KB
    ------------------------------------------------------------
                                           Total:        35.0 MB

The following NEW packages will be INSTALLED:

  _libgcc_mutex      pkgs/main/linux-64::_libgcc_mutex-0.1-main 
  _openmp_mutex      pkgs/main/linux-64::_openmp_mutex-5.1-1_gnu 
  bzip2              pkgs/main/linux-64::bzip2-1.0.8-h5eee18b_6 
  ca-certificates    pkgs/main/linux-64::ca-certificates-2025.9.9-h06a4308_0 
  expat              pkgs/main/linux-64::expat-2.7.1-h6a678d5_0 
  ld_impl_linux-64   pkgs/main/linux-64::ld_impl_linux-64-2.40-h12ee557_0 
  libffi             pkgs/main/linux-64::libffi-3.4.4-h6a678d5_1 
  libgcc-ng          pkgs/main/linux-64::libgcc-ng-11.2.0-h1234567_1 
  libgomp            pkgs/main/linux-64::libgomp-11.2.0-h1234567_1 
  libstdcxx-ng       pkgs/main/linux-64::libstdcxx-ng-11.2.0-h1234567_1 
  libuuid            pkgs/main/linux-64::libuuid-1.41.5-h5eee18b_0 
  libxcb             pkgs/main/linux-64::libxcb-1.17.0-h9b100fa_0 
  libzlib            pkgs/main/linux-64::libzlib-1.3.1-hb25bd0a_0 
  ncurses            pkgs/main/linux-64::ncurses-6.5-h7934f7d_0 
  openssl            pkgs/main/linux-64::openssl-3.0.17-h5eee18b_0 
  pip                pkgs/main/noarch::pip-25.2-pyhc872135_0 
  pthread-stubs      pkgs/main/linux-64::pthread-stubs-0.3-h0ce48e5_1 
  python             pkgs/main/linux-64::python-3.11.13-h1a3bd86_0 
  readline           pkgs/main/linux-64::readline-8.3-hc2a1206_0 
  setuptools         pkgs/main/linux-64::setuptools-78.1.1-py311h06a4308_0 
  sqlite             pkgs/main/linux-64::sqlite-3.50.2-hb25bd0a_1 
  tk                 pkgs/main/linux-64::tk-8.6.15-h54e0aa7_0 
  tzdata             pkgs/main/noarch::tzdata-2025b-h04d1e81_0 
  wheel              pkgs/main/linux-64::wheel-0.45.1-py311h06a4308_0 
  xorg-libx11        pkgs/main/linux-64::xorg-libx11-1.8.12-h9b100fa_1 
  xorg-libxau        pkgs/main/linux-64::xorg-libxau-1.0.12-h9b100fa_0 
  xorg-libxdmcp      pkgs/main/linux-64::xorg-libxdmcp-1.1.5-h9b100fa_0 
  xorg-xorgproto     pkgs/main/linux-64::xorg-xorgproto-2024.1-h5eee18b_1 
  xz                 pkgs/main/linux-64::xz-5.6.4-h5eee18b_1 
  zlib               pkgs/main/linux-64::zlib-1.3.1-hb25bd0a_0 



Downloading and Extracting Packages
wheel-0.45.1         | 151 KB    |            |   0% 
setuptools-78.1.1    | 2.3 MB    |            |   0% [A

python-3.11.13       | 32.6 MB   |            |   0% [A[ADEBUG:urllib3.connectionpool:Starting new HTTPS connection (1): repo.anaconda.com:443
DEBUG:urllib3.connectionpool:Starting new HTTPS connection (1): repo.anaconda.com:443
DEBUG:urllib3.connectionpool:Starting new HTTPS connection (1): repo.anaconda.com:443
DEBUG:urllib3.connectionpool:https://repo.anaconda.com:443 "GET /pkgs/main/linux-64/setuptools-78.1.1-py311h06a4308_0.conda HTTP/1.1" 200 2363930
DEBUG:urllib3.connectionpool:https://repo.anaconda.com:443 "GET /pkgs/main/linux-64/wheel-0.45.1-py311h06a4308_0.conda HTTP/1.1" 200 154981
DEBUG:urllib3.connectionpool:https://repo.anaconda.com:443 "GET /pkgs/main/linux-64/python-3.11.13-h1a3bd86_0.conda HTTP/1.1" 200 34217985


python-3.11.13       | 32.6 MB   | 3          |   3% [A[Awheel-0.45.1         | 151 KB    | ########## | 100% wheel-0.45.1         | 151 KB    | ########## | 100% 

python-3.11.13       | 32.6 MB   | ######1    |  62% [A[A
setuptools-78.1.1    | 2.3 MB    | ########## | 100% [A
setuptools-78.1.1    | 2.3 MB    | ########## | 100% [A

python-3.11.13       | 32.6 MB   | ########## | 100% [A[A

python-3.11.13       | 32.6 MB   | ########## | 100% [A[A                                                     
                                                     [A

                                                     [A[A
Preparing transaction: ...working... done
Verifying transaction: ...working... done
Executing transaction: ...working... done
#
# To activate this environment, use
#
#     $ conda activate ai4mi
#
# To deactivate an active environment, use
#
#     $ conda deactivate

Requirement already satisfied: pip in /home/scur1040/.conda/envs/ai4mi/lib/python3.11/site-packages (25.2)
Collecting torch (from -r requirements.txt (line 1))
  Downloading torch-2.8.0-cp311-cp311-manylinux_2_28_x86_64.whl.metadata (30 kB)
Collecting numpy (from -r requirements.txt (line 2))
  Downloading numpy-2.3.3-cp311-cp311-manylinux_2_27_x86_64.manylinux_2_28_x86_64.whl.metadata (62 kB)
Collecting nibabel (from -r requirements.txt (line 3))
  Using cached nibabel-5.3.2-py3-none-any.whl.metadata (9.1 kB)
Collecting torchvision (from -r requirements.txt (line 4))
  Downloading torchvision-0.23.0-cp311-cp311-manylinux_2_28_x86_64.whl.metadata (6.1 kB)
Collecting tqdm (from -r requirements.txt (line 5))
  Using cached tqdm-4.67.1-py3-none-any.whl.metadata (57 kB)
Collecting pillow (from -r requirements.txt (line 6))
  Downloading pillow-11.3.0-cp311-cp311-manylinux_2_27_x86_64.manylinux_2_28_x86_64.whl.metadata (9.0 kB)
Collecting scikit-image (from -r requirements.txt (line 7))
  Downloading scikit_image-0.25.2-cp311-cp311-manylinux_2_17_x86_64.manylinux2014_x86_64.whl.metadata (14 kB)
Collecting matplotlib (from -r requirements.txt (line 8))
  Downloading matplotlib-3.10.6-cp311-cp311-manylinux2014_x86_64.manylinux_2_17_x86_64.whl.metadata (11 kB)
Collecting filelock (from torch->-r requirements.txt (line 1))
  Using cached filelock-3.19.1-py3-none-any.whl.metadata (2.1 kB)
Collecting typing-extensions>=4.10.0 (from torch->-r requirements.txt (line 1))
  Using cached typing_extensions-4.15.0-py3-none-any.whl.metadata (3.3 kB)
Collecting sympy>=1.13.3 (from torch->-r requirements.txt (line 1))
  Using cached sympy-1.14.0-py3-none-any.whl.metadata (12 kB)
Collecting networkx (from torch->-r requirements.txt (line 1))
  Downloading networkx-3.5-py3-none-any.whl.metadata (6.3 kB)
Collecting jinja2 (from torch->-r requirements.txt (line 1))
  Using cached jinja2-3.1.6-py3-none-any.whl.metadata (2.9 kB)
Collecting fsspec (from torch->-r requirements.txt (line 1))
  Using cached fsspec-2025.9.0-py3-none-any.whl.metadata (10 kB)
Collecting nvidia-cuda-nvrtc-cu12==12.8.93 (from torch->-r requirements.txt (line 1))
  Using cached nvidia_cuda_nvrtc_cu12-12.8.93-py3-none-manylinux2010_x86_64.manylinux_2_12_x86_64.whl.metadata (1.7 kB)
Collecting nvidia-cuda-runtime-cu12==12.8.90 (from torch->-r requirements.txt (line 1))
  Using cached nvidia_cuda_runtime_cu12-12.8.90-py3-none-manylinux2014_x86_64.manylinux_2_17_x86_64.whl.metadata (1.7 kB)
Collecting nvidia-cuda-cupti-cu12==12.8.90 (from torch->-r requirements.txt (line 1))
  Using cached nvidia_cuda_cupti_cu12-12.8.90-py3-none-manylinux2014_x86_64.manylinux_2_17_x86_64.whl.metadata (1.7 kB)
Collecting nvidia-cudnn-cu12==9.10.2.21 (from torch->-r requirements.txt (line 1))
  Using cached nvidia_cudnn_cu12-9.10.2.21-py3-none-manylinux_2_27_x86_64.whl.metadata (1.8 kB)
Collecting nvidia-cublas-cu12==12.8.4.1 (from torch->-r requirements.txt (line 1))
  Using cached nvidia_cublas_cu12-12.8.4.1-py3-none-manylinux_2_27_x86_64.whl.metadata (1.7 kB)
Collecting nvidia-cufft-cu12==11.3.3.83 (from torch->-r requirements.txt (line 1))
  Using cached nvidia_cufft_cu12-11.3.3.83-py3-none-manylinux2014_x86_64.manylinux_2_17_x86_64.whl.metadata (1.7 kB)
Collecting nvidia-curand-cu12==10.3.9.90 (from torch->-r requirements.txt (line 1))
  Using cached nvidia_curand_cu12-10.3.9.90-py3-none-manylinux_2_27_x86_64.whl.metadata (1.7 kB)
Collecting nvidia-cusolver-cu12==11.7.3.90 (from torch->-r requirements.txt (line 1))
  Using cached nvidia_cusolver_cu12-11.7.3.90-py3-none-manylinux_2_27_x86_64.whl.metadata (1.8 kB)
Collecting nvidia-cusparse-cu12==12.5.8.93 (from torch->-r requirements.txt (line 1))
  Using cached nvidia_cusparse_cu12-12.5.8.93-py3-none-manylinux2014_x86_64.manylinux_2_17_x86_64.whl.metadata (1.8 kB)
Collecting nvidia-cusparselt-cu12==0.7.1 (from torch->-r requirements.txt (line 1))
  Using cached nvidia_cusparselt_cu12-0.7.1-py3-none-manylinux2014_x86_64.whl.metadata (7.0 kB)
Collecting nvidia-nccl-cu12==2.27.3 (from torch->-r requirements.txt (line 1))
  Using cached nvidia_nccl_cu12-2.27.3-py3-none-manylinux2014_x86_64.manylinux_2_17_x86_64.whl.metadata (2.0 kB)
Collecting nvidia-nvtx-cu12==12.8.90 (from torch->-r requirements.txt (line 1))
  Using cached nvidia_nvtx_cu12-12.8.90-py3-none-manylinux2014_x86_64.manylinux_2_17_x86_64.whl.metadata (1.8 kB)
Collecting nvidia-nvjitlink-cu12==12.8.93 (from torch->-r requirements.txt (line 1))
  Using cached nvidia_nvjitlink_cu12-12.8.93-py3-none-manylinux2010_x86_64.manylinux_2_12_x86_64.whl.metadata (1.7 kB)
Collecting nvidia-cufile-cu12==1.13.1.3 (from torch->-r requirements.txt (line 1))
  Using cached nvidia_cufile_cu12-1.13.1.3-py3-none-manylinux2014_x86_64.manylinux_2_17_x86_64.whl.metadata (1.7 kB)
Collecting triton==3.4.0 (from torch->-r requirements.txt (line 1))
  Downloading triton-3.4.0-cp311-cp311-manylinux_2_27_x86_64.manylinux_2_28_x86_64.whl.metadata (1.7 kB)
Requirement already satisfied: setuptools>=40.8.0 in /home/scur1040/.conda/envs/ai4mi/lib/python3.11/site-packages (from triton==3.4.0->torch->-r requirements.txt (line 1)) (78.1.1)
Collecting importlib-resources>=5.12 (from nibabel->-r requirements.txt (line 3))
  Using cached importlib_resources-6.5.2-py3-none-any.whl.metadata (3.9 kB)
Collecting packaging>=20 (from nibabel->-r requirements.txt (line 3))
  Using cached packaging-25.0-py3-none-any.whl.metadata (3.3 kB)
Collecting scipy>=1.11.4 (from scikit-image->-r requirements.txt (line 7))
  Downloading scipy-1.16.2-cp311-cp311-manylinux2014_x86_64.manylinux_2_17_x86_64.whl.metadata (62 kB)
Collecting imageio!=2.35.0,>=2.33 (from scikit-image->-r requirements.txt (line 7))
  Using cached imageio-2.37.0-py3-none-any.whl.metadata (5.2 kB)
Collecting tifffile>=2022.8.12 (from scikit-image->-r requirements.txt (line 7))
  Downloading tifffile-2025.9.30-py3-none-any.whl.metadata (30 kB)
Collecting lazy-loader>=0.4 (from scikit-image->-r requirements.txt (line 7))
  Using cached lazy_loader-0.4-py3-none-any.whl.metadata (7.6 kB)
Collecting contourpy>=1.0.1 (from matplotlib->-r requirements.txt (line 8))
  Downloading contourpy-1.3.3-cp311-cp311-manylinux_2_27_x86_64.manylinux_2_28_x86_64.whl.metadata (5.5 kB)
Collecting cycler>=0.10 (from matplotlib->-r requirements.txt (line 8))
  Using cached cycler-0.12.1-py3-none-any.whl.metadata (3.8 kB)
Collecting fonttools>=4.22.0 (from matplotlib->-r requirements.txt (line 8))
  Downloading fonttools-4.60.1-cp311-cp311-manylinux2014_x86_64.manylinux_2_17_x86_64.whl.metadata (112 kB)
Collecting kiwisolver>=1.3.1 (from matplotlib->-r requirements.txt (line 8))
  Downloading kiwisolver-1.4.9-cp311-cp311-manylinux2014_x86_64.manylinux_2_17_x86_64.whl.metadata (6.3 kB)
Collecting pyparsing>=2.3.1 (from matplotlib->-r requirements.txt (line 8))
  Using cached pyparsing-3.2.5-py3-none-any.whl.metadata (5.0 kB)
Collecting python-dateutil>=2.7 (from matplotlib->-r requirements.txt (line 8))
  Using cached python_dateutil-2.9.0.post0-py2.py3-none-any.whl.metadata (8.4 kB)
Collecting six>=1.5 (from python-dateutil>=2.7->matplotlib->-r requirements.txt (line 8))
  Using cached six-1.17.0-py2.py3-none-any.whl.metadata (1.7 kB)
Collecting mpmath<1.4,>=1.1.0 (from sympy>=1.13.3->torch->-r requirements.txt (line 1))
  Using cached mpmath-1.3.0-py3-none-any.whl.metadata (8.6 kB)
Collecting MarkupSafe>=2.0 (from jinja2->torch->-r requirements.txt (line 1))
  Downloading markupsafe-3.0.3-cp311-cp311-manylinux2014_x86_64.manylinux_2_17_x86_64.manylinux_2_28_x86_64.whl.metadata (2.7 kB)
Downloading torch-2.8.0-cp311-cp311-manylinux_2_28_x86_64.whl (888.1 MB)
   â”â”â”â”â”â”â”â”â”â”â”â”â”â”â”â”â”â”â”â”â”â”â”â”â”â”â”â”â”â”â”â”â”â”â”â”â”â”â”â” 888.1/888.1 MB 30.3 MB/s  0:00:10
Using cached nvidia_cublas_cu12-12.8.4.1-py3-none-manylinux_2_27_x86_64.whl (594.3 MB)
Using cached nvidia_cuda_cupti_cu12-12.8.90-py3-none-manylinux2014_x86_64.manylinux_2_17_x86_64.whl (10.2 MB)
Using cached nvidia_cuda_nvrtc_cu12-12.8.93-py3-none-manylinux2010_x86_64.manylinux_2_12_x86_64.whl (88.0 MB)
Using cached nvidia_cuda_runtime_cu12-12.8.90-py3-none-manylinux2014_x86_64.manylinux_2_17_x86_64.whl (954 kB)
Using cached nvidia_cudnn_cu12-9.10.2.21-py3-none-manylinux_2_27_x86_64.whl (706.8 MB)
Using cached nvidia_cufft_cu12-11.3.3.83-py3-none-manylinux2014_x86_64.manylinux_2_17_x86_64.whl (193.1 MB)
Using cached nvidia_cufile_cu12-1.13.1.3-py3-none-manylinux2014_x86_64.manylinux_2_17_x86_64.whl (1.2 MB)
Using cached nvidia_curand_cu12-10.3.9.90-py3-none-manylinux_2_27_x86_64.whl (63.6 MB)
Using cached nvidia_cusolver_cu12-11.7.3.90-py3-none-manylinux_2_27_x86_64.whl (267.5 MB)
Using cached nvidia_cusparse_cu12-12.5.8.93-py3-none-manylinux2014_x86_64.manylinux_2_17_x86_64.whl (288.2 MB)
Using cached nvidia_cusparselt_cu12-0.7.1-py3-none-manylinux2014_x86_64.whl (287.2 MB)
Using cached nvidia_nccl_cu12-2.27.3-py3-none-manylinux2014_x86_64.manylinux_2_17_x86_64.whl (322.4 MB)
Using cached nvidia_nvjitlink_cu12-12.8.93-py3-none-manylinux2010_x86_64.manylinux_2_12_x86_64.whl (39.3 MB)
Using cached nvidia_nvtx_cu12-12.8.90-py3-none-manylinux2014_x86_64.manylinux_2_17_x86_64.whl (89 kB)
Downloading triton-3.4.0-cp311-cp311-manylinux_2_27_x86_64.manylinux_2_28_x86_64.whl (155.5 MB)
   â”â”â”â”â”â”â”â”â”â”â”â”â”â”â”â”â”â”â”â”â”â”â”â”â”â”â”â”â”â”â”â”â”â”â”â”â”â”â”â” 155.5/155.5 MB 104.7 MB/s  0:00:01
Downloading numpy-2.3.3-cp311-cp311-manylinux_2_27_x86_64.manylinux_2_28_x86_64.whl (16.9 MB)
   â”â”â”â”â”â”â”â”â”â”â”â”â”â”â”â”â”â”â”â”â”â”â”â”â”â”â”â”â”â”â”â”â”â”â”â”â”â”â”â” 16.9/16.9 MB 16.9 MB/s  0:00:00
Using cached nibabel-5.3.2-py3-none-any.whl (3.3 MB)
Downloading torchvision-0.23.0-cp311-cp311-manylinux_2_28_x86_64.whl (8.6 MB)
   â”â”â”â”â”â”â”â”â”â”â”â”â”â”â”â”â”â”â”â”â”â”â”â”â”â”â”â”â”â”â”â”â”â”â”â”â”â”â”â” 8.6/8.6 MB 136.2 MB/s  0:00:00
Using cached tqdm-4.67.1-py3-none-any.whl (78 kB)
Downloading pillow-11.3.0-cp311-cp311-manylinux_2_27_x86_64.manylinux_2_28_x86_64.whl (6.6 MB)
   â”â”â”â”â”â”â”â”â”â”â”â”â”â”â”â”â”â”â”â”â”â”â”â”â”â”â”â”â”â”â”â”â”â”â”â”â”â”â”â” 6.6/6.6 MB 248.1 MB/s  0:00:00
Downloading scikit_image-0.25.2-cp311-cp311-manylinux_2_17_x86_64.manylinux2014_x86_64.whl (14.8 MB)
   â”â”â”â”â”â”â”â”â”â”â”â”â”â”â”â”â”â”â”â”â”â”â”â”â”â”â”â”â”â”â”â”â”â”â”â”â”â”â”â” 14.8/14.8 MB 194.2 MB/s  0:00:00
Downloading matplotlib-3.10.6-cp311-cp311-manylinux2014_x86_64.manylinux_2_17_x86_64.whl (8.7 MB)
   â”â”â”â”â”â”â”â”â”â”â”â”â”â”â”â”â”â”â”â”â”â”â”â”â”â”â”â”â”â”â”â”â”â”â”â”â”â”â”â” 8.7/8.7 MB 147.1 MB/s  0:00:00
Downloading contourpy-1.3.3-cp311-cp311-manylinux_2_27_x86_64.manylinux_2_28_x86_64.whl (355 kB)
Using cached cycler-0.12.1-py3-none-any.whl (8.3 kB)
Downloading fonttools-4.60.1-cp311-cp311-manylinux2014_x86_64.manylinux_2_17_x86_64.whl (5.0 MB)
   â”â”â”â”â”â”â”â”â”â”â”â”â”â”â”â”â”â”â”â”â”â”â”â”â”â”â”â”â”â”â”â”â”â”â”â”â”â”â”â” 5.0/5.0 MB 170.0 MB/s  0:00:00
Using cached imageio-2.37.0-py3-none-any.whl (315 kB)
Using cached importlib_resources-6.5.2-py3-none-any.whl (37 kB)
Downloading kiwisolver-1.4.9-cp311-cp311-manylinux2014_x86_64.manylinux_2_17_x86_64.whl (1.4 MB)
   â”â”â”â”â”â”â”â”â”â”â”â”â”â”â”â”â”â”â”â”â”â”â”â”â”â”â”â”â”â”â”â”â”â”â”â”â”â”â”â” 1.4/1.4 MB 111.1 MB/s  0:00:00
Using cached lazy_loader-0.4-py3-none-any.whl (12 kB)
Downloading networkx-3.5-py3-none-any.whl (2.0 MB)
   â”â”â”â”â”â”â”â”â”â”â”â”â”â”â”â”â”â”â”â”â”â”â”â”â”â”â”â”â”â”â”â”â”â”â”â”â”â”â”â” 2.0/2.0 MB 95.5 MB/s  0:00:00
Using cached packaging-25.0-py3-none-any.whl (66 kB)
Using cached pyparsing-3.2.5-py3-none-any.whl (113 kB)
Using cached python_dateutil-2.9.0.post0-py2.py3-none-any.whl (229 kB)
Downloading scipy-1.16.2-cp311-cp311-manylinux2014_x86_64.manylinux_2_17_x86_64.whl (35.9 MB)
   â”â”â”â”â”â”â”â”â”â”â”â”â”â”â”â”â”â”â”â”â”â”â”â”â”â”â”â”â”â”â”â”â”â”â”â”â”â”â”â” 35.9/35.9 MB 32.0 MB/s  0:00:01
Using cached six-1.17.0-py2.py3-none-any.whl (11 kB)
Using cached sympy-1.14.0-py3-none-any.whl (6.3 MB)
Using cached mpmath-1.3.0-py3-none-any.whl (536 kB)
Downloading tifffile-2025.9.30-py3-none-any.whl (230 kB)
Using cached typing_extensions-4.15.0-py3-none-any.whl (44 kB)
Using cached filelock-3.19.1-py3-none-any.whl (15 kB)
Using cached fsspec-2025.9.0-py3-none-any.whl (199 kB)
Using cached jinja2-3.1.6-py3-none-any.whl (134 kB)
Downloading markupsafe-3.0.3-cp311-cp311-manylinux2014_x86_64.manylinux_2_17_x86_64.manylinux_2_28_x86_64.whl (22 kB)
Installing collected packages: nvidia-cusparselt-cu12, mpmath, typing-extensions, triton, tqdm, sympy, six, pyparsing, pillow, packaging, nvidia-nvtx-cu12, nvidia-nvjitlink-cu12, nvidia-nccl-cu12, nvidia-curand-cu12, nvidia-cufile-cu12, nvidia-cuda-runtime-cu12, nvidia-cuda-nvrtc-cu12, nvidia-cuda-cupti-cu12, nvidia-cublas-cu12, numpy, networkx, MarkupSafe, kiwisolver, importlib-resources, fsspec, fonttools, filelock, cycler, tifffile, scipy, python-dateutil, nvidia-cusparse-cu12, nvidia-cufft-cu12, nvidia-cudnn-cu12, nibabel, lazy-loader, jinja2, imageio, contourpy, scikit-image, nvidia-cusolver-cu12, matplotlib, torch, torchvision

Successfully installed MarkupSafe-3.0.3 contourpy-1.3.3 cycler-0.12.1 filelock-3.19.1 fonttools-4.60.1 fsspec-2025.9.0 imageio-2.37.0 importlib-resources-6.5.2 jinja2-3.1.6 kiwisolver-1.4.9 lazy-loader-0.4 matplotlib-3.10.6 mpmath-1.3.0 networkx-3.5 nibabel-5.3.2 numpy-2.3.3 nvidia-cublas-cu12-12.8.4.1 nvidia-cuda-cupti-cu12-12.8.90 nvidia-cuda-nvrtc-cu12-12.8.93 nvidia-cuda-runtime-cu12-12.8.90 nvidia-cudnn-cu12-9.10.2.21 nvidia-cufft-cu12-11.3.3.83 nvidia-cufile-cu12-1.13.1.3 nvidia-curand-cu12-10.3.9.90 nvidia-cusolver-cu12-11.7.3.90 nvidia-cusparse-cu12-12.5.8.93 nvidia-cusparselt-cu12-0.7.1 nvidia-nccl-cu12-2.27.3 nvidia-nvjitlink-cu12-12.8.93 nvidia-nvtx-cu12-12.8.90 packaging-25.0 pillow-11.3.0 pyparsing-3.2.5 python-dateutil-2.9.0.post0 scikit-image-0.25.2 scipy-1.16.2 six-1.17.0 sympy-1.14.0 tifffile-2025.9.30 torch-2.8.0 torchvision-0.23.0 tqdm-4.67.1 triton-3.4.0 typing-extensions-4.15.0
Collecting git+https://github.com/jeromerony/distorch.git
  Cloning https://github.com/jeromerony/distorch.git to /gpfs/scratch1/nodespecific/gcn33/scur1040.15023978/pip-req-build-hmqtorpn
  Running command git clone --filter=blob:none --quiet https://github.com/jeromerony/distorch.git /gpfs/scratch1/nodespecific/gcn33/scur1040.15023978/pip-req-build-hmqtorpn
  Resolved https://github.com/jeromerony/distorch.git to commit 80f190cb46632b1f05dc1a608f6b368f89dbcea2
  Installing build dependencies: started
  Installing build dependencies: finished with status 'done'
  Getting requirements to build wheel: started
  Getting requirements to build wheel: finished with status 'done'
  Preparing metadata (pyproject.toml): started
  Preparing metadata (pyproject.toml): finished with status 'done'
Requirement already satisfied: torch>=2.0 in /home/scur1040/.conda/envs/ai4mi/lib/python3.11/site-packages (from distorch==0.1.2) (2.8.0)
Requirement already satisfied: filelock in /home/scur1040/.conda/envs/ai4mi/lib/python3.11/site-packages (from torch>=2.0->distorch==0.1.2) (3.19.1)
Requirement already satisfied: typing-extensions>=4.10.0 in /home/scur1040/.conda/envs/ai4mi/lib/python3.11/site-packages (from torch>=2.0->distorch==0.1.2) (4.15.0)
Requirement already satisfied: sympy>=1.13.3 in /home/scur1040/.conda/envs/ai4mi/lib/python3.11/site-packages (from torch>=2.0->distorch==0.1.2) (1.14.0)
Requirement already satisfied: networkx in /home/scur1040/.conda/envs/ai4mi/lib/python3.11/site-packages (from torch>=2.0->distorch==0.1.2) (3.5)
Requirement already satisfied: jinja2 in /home/scur1040/.conda/envs/ai4mi/lib/python3.11/site-packages (from torch>=2.0->distorch==0.1.2) (3.1.6)
Requirement already satisfied: fsspec in /home/scur1040/.conda/envs/ai4mi/lib/python3.11/site-packages (from torch>=2.0->distorch==0.1.2) (2025.9.0)
Requirement already satisfied: nvidia-cuda-nvrtc-cu12==12.8.93 in /home/scur1040/.conda/envs/ai4mi/lib/python3.11/site-packages (from torch>=2.0->distorch==0.1.2) (12.8.93)
Requirement already satisfied: nvidia-cuda-runtime-cu12==12.8.90 in /home/scur1040/.conda/envs/ai4mi/lib/python3.11/site-packages (from torch>=2.0->distorch==0.1.2) (12.8.90)
Requirement already satisfied: nvidia-cuda-cupti-cu12==12.8.90 in /home/scur1040/.conda/envs/ai4mi/lib/python3.11/site-packages (from torch>=2.0->distorch==0.1.2) (12.8.90)
Requirement already satisfied: nvidia-cudnn-cu12==9.10.2.21 in /home/scur1040/.conda/envs/ai4mi/lib/python3.11/site-packages (from torch>=2.0->distorch==0.1.2) (9.10.2.21)
Requirement already satisfied: nvidia-cublas-cu12==12.8.4.1 in /home/scur1040/.conda/envs/ai4mi/lib/python3.11/site-packages (from torch>=2.0->distorch==0.1.2) (12.8.4.1)
Requirement already satisfied: nvidia-cufft-cu12==11.3.3.83 in /home/scur1040/.conda/envs/ai4mi/lib/python3.11/site-packages (from torch>=2.0->distorch==0.1.2) (11.3.3.83)
Requirement already satisfied: nvidia-curand-cu12==10.3.9.90 in /home/scur1040/.conda/envs/ai4mi/lib/python3.11/site-packages (from torch>=2.0->distorch==0.1.2) (10.3.9.90)
Requirement already satisfied: nvidia-cusolver-cu12==11.7.3.90 in /home/scur1040/.conda/envs/ai4mi/lib/python3.11/site-packages (from torch>=2.0->distorch==0.1.2) (11.7.3.90)
Requirement already satisfied: nvidia-cusparse-cu12==12.5.8.93 in /home/scur1040/.conda/envs/ai4mi/lib/python3.11/site-packages (from torch>=2.0->distorch==0.1.2) (12.5.8.93)
Requirement already satisfied: nvidia-cusparselt-cu12==0.7.1 in /home/scur1040/.conda/envs/ai4mi/lib/python3.11/site-packages (from torch>=2.0->distorch==0.1.2) (0.7.1)
Requirement already satisfied: nvidia-nccl-cu12==2.27.3 in /home/scur1040/.conda/envs/ai4mi/lib/python3.11/site-packages (from torch>=2.0->distorch==0.1.2) (2.27.3)
Requirement already satisfied: nvidia-nvtx-cu12==12.8.90 in /home/scur1040/.conda/envs/ai4mi/lib/python3.11/site-packages (from torch>=2.0->distorch==0.1.2) (12.8.90)
Requirement already satisfied: nvidia-nvjitlink-cu12==12.8.93 in /home/scur1040/.conda/envs/ai4mi/lib/python3.11/site-packages (from torch>=2.0->distorch==0.1.2) (12.8.93)
Requirement already satisfied: nvidia-cufile-cu12==1.13.1.3 in /home/scur1040/.conda/envs/ai4mi/lib/python3.11/site-packages (from torch>=2.0->distorch==0.1.2) (1.13.1.3)
Requirement already satisfied: triton==3.4.0 in /home/scur1040/.conda/envs/ai4mi/lib/python3.11/site-packages (from torch>=2.0->distorch==0.1.2) (3.4.0)
Requirement already satisfied: setuptools>=40.8.0 in /home/scur1040/.conda/envs/ai4mi/lib/python3.11/site-packages (from triton==3.4.0->torch>=2.0->distorch==0.1.2) (78.1.1)
Requirement already satisfied: mpmath<1.4,>=1.1.0 in /home/scur1040/.conda/envs/ai4mi/lib/python3.11/site-packages (from sympy>=1.13.3->torch>=2.0->distorch==0.1.2) (1.3.0)
Requirement already satisfied: MarkupSafe>=2.0 in /home/scur1040/.conda/envs/ai4mi/lib/python3.11/site-packages (from jinja2->torch>=2.0->distorch==0.1.2) (3.0.3)
Building wheels for collected packages: distorch
  Building wheel for distorch (pyproject.toml): started
  Building wheel for distorch (pyproject.toml): finished with status 'done'
  Created wheel for distorch: filename=distorch-0.1.2-py3-none-any.whl size=15476 sha256=c52f71503885ef28dc7fbd0ed6f995e0dca4aa2f28e0e0eeff7ed8380c3dd9ca
  Stored in directory: /gpfs/scratch1/nodespecific/gcn33/scur1040.15023978/pip-ephem-wheel-cache-9rh469az/wheels/ee/6c/37/c2e6a267bb9b0effce4023658af038d2f611ccb4e7d068f930
Successfully built distorch
Installing collected packages: distorch
Successfully installed distorch-0.1.2
DistanceMetrics(Hausdorff=tensor(1.4142, device='cuda:0'), Hausdorff95_1_to_2=tensor(1., device='cuda:0'), Hausdorff95_2_to_1=tensor(1.1036, device='cuda:0'), AverageSurfaceDistance_1_to_2=tensor(0.2857, device='cuda:0'), AverageSurfaceDistance_2_to_1=tensor(0.4009, device='cuda:0'), AverageSymmetricSurfaceDistance=tensor(0.3471, device='cuda:0'), NormalizedSurfaceDistance_1_to_2=tensor(1., device='cuda:0'), NormalizedSurfaceDistance_2_to_1=tensor(0.9375, device='cuda:0'), NormalizedSymmetricSurfaceDistance=tensor(0.9667, device='cuda:0'))

JOB STATISTICS
==============
Job ID: 15023978
Cluster: snellius
User/Group: scur1040/scur1040
State: RUNNING
Nodes: 1
Cores per node: 18
CPU Utilized: 00:00:00
CPU Efficiency: 0.00% of 01:27:00 core-walltime
Job Wall-clock time: 00:04:50
Memory Utilized: 0.00 MB
Memory Efficiency: 0.00% of 120.00 GB (120.00 GB/node)
WARNING: Efficiency statistics can only be obtained after the job has ended as seff tool is based on the accounting database data.
