============================================================================================== 
Warning! Mixing Conda and module environments may lead to corruption of the
user environment. 
We do not recommend users mixing those two environments unless absolutely
necessary. Note that 
SURF does not provide any support for Conda environment.
For more information, please refer to our software policy page:
https://servicedesk.surf.nl/wiki/display/WIKI/Software+policy+Snellius#SoftwarepolicySnellius-UseofAnacondaandMinicondaenvironmentsonSnellius 

Remember that many packages have already been installed on the system and can
be loaded using 
the 'module load <package__name>' command. If you are uncertain if a package is
already available 
on the system, please use 'module avail' or 'module spider' to search for it.
============================================================================================== 
Namespace(metric_file=PosixPath('results/best_epoch/val/3d_dice.npy'), dest=PosixPath('results/best_epoch/val/3d_dice1.png'), headless=False)
Namespace(metric_file=PosixPath('results/best_epoch/val/3d_hd95.npy'), dest=PosixPath('results/best_epoch/val/3d_hd951.png'), headless=False)
Namespace(metric_file=PosixPath('results/best_epoch/val/3d_dice.npz'), dest=PosixPath('results/best_epoch/val/3d_dice2.png'), headless=False)
Traceback (most recent call last):
  File "/gpfs/home4/scur1040/ai4mi_project/plot.py", line 82, in <module>
    run(get_args())
  File "/gpfs/home4/scur1040/ai4mi_project/plot.py", line 34, in run
    match metrics.ndim:
          ^^^^^^^^^^^^
AttributeError: 'NpzFile' object has no attribute 'ndim'
Namespace(metric_file=PosixPath('results/best_epoch/val/3d_hd95.npz'), dest=PosixPath('results/best_epoch/val/3d_hd952.png'), headless=False)
Traceback (most recent call last):
  File "/gpfs/home4/scur1040/ai4mi_project/plot.py", line 82, in <module>
    run(get_args())
  File "/gpfs/home4/scur1040/ai4mi_project/plot.py", line 34, in run
    match metrics.ndim:
          ^^^^^^^^^^^^
AttributeError: 'NpzFile' object has no attribute 'ndim'

JOB STATISTICS
==============
Job ID: 15030804
Cluster: snellius
User/Group: scur1040/scur1040
State: FAILED (exit code 1)
Nodes: 1
Cores per node: 18
CPU Utilized: 00:00:07
CPU Efficiency: 3.24% of 00:03:36 core-walltime
Job Wall-clock time: 00:00:12
Memory Utilized: 3.70 MB
Memory Efficiency: 0.00% of 120.00 GB (120.00 GB/node)
